Exporter version: 2.93.5, Blender version: 3.0.1
========= Conversion from Blender to Babylon.js =========
	Scene settings used :
		Inline textures     :  false
		Material Type       :  PBR
		Positions Precision :  4
		Normals Precision   :  3
		UVs Precision       :  3
		Vert Color Precision:  3
		Mat Weight Precision:  2
		Keep Z-up r-handed  :  no
		Texture directory   :  C:\CREATIVE_SPACE\colonial-space\resources\blender_src\rocket_plane_01\
	Python World class constructor completed
	WARNING: No active camera has been assigned, or is not in a currently enabled collection
	processing begun of mesh:  RocketBody
		processing begun of material:  RocketBodyMat
		num positions      :  1738
		num normals        :  1738
		num tangents       :  0
		num uvs            :  3476
		num uvs2           :  0
		num colors         :  0
		num triangles      :  634
		WARNING: # of 0 area faces found:  1
	processing begun of mesh:  RocketWindows
		processing begun of material:  RocketWindowsMat
		num positions      :  15
		num normals        :  15
		num tangents       :  0
		num uvs            :  30
		num uvs2           :  0
		num colors         :  0
		num triangles      :  5
	processing begun of mesh:  RocketEngine
		processing begun of material:  RocketEngineMat
		num positions      :  336
		num normals        :  336
		num tangents       :  0
		num uvs            :  672
		num uvs2           :  0
		num colors         :  0
		num triangles      :  132
	processing begun of mesh:  WiresWingLeft
		processing begun of material:  WiresMat
		num positions      :  168
		num normals        :  168
		num tangents       :  0
		num uvs            :  336
		num uvs2           :  0
		num colors         :  0
		num triangles      :  192
	processing begun of mesh:  WiresWingRight
		processing begun of material:  WiresMat
		registered as also a user of material:  WiresMat
		num positions      :  168
		num normals        :  168
		num tangents       :  0
		num uvs            :  336
		num uvs2           :  0
		num colors         :  0
		num triangles      :  192
	processing begun of mesh:  WiresTopRight
		processing begun of material:  WiresMat
		registered as also a user of material:  WiresMat
		num positions      :  135
		num normals        :  135
		num tangents       :  0
		num uvs            :  270
		num uvs2           :  0
		num colors         :  0
		num triangles      :  144
	processing begun of mesh:  WiresTopLeft
		processing begun of material:  WiresMat
		registered as also a user of material:  WiresMat
		num positions      :  123
		num normals        :  123
		num tangents       :  0
		num uvs            :  246
		num uvs2           :  0
		num colors         :  0
		num triangles      :  144
	processing begun of node:  Rocket
	processing begun of mesh:  RocketEngineCore
		processing begun of material:  RocketEngineCoreMat
		num positions      :  79
		num normals        :  79
		num tangents       :  0
		num uvs            :  158
		num uvs2           :  0
		num colors         :  0
		num triangles      :  36
	processing begun of node:  DecorateLights
	processing begun of node:  RocketContent
		animation processing begun
			processing action Action:  in[1 - 200], out[0 - 200]
	processing begun of light (POINT):  Point.001
	processing begun of light (POINT):  Point.002
		animation processing begun
			processing action Point.005Action:  in[0 - 250], out[0 - 250]
	processing begun of light (POINT):  Point.005
	processing begun of light (POINT):  Point.006
	processing begun of light (POINT):  Point.009
	processing begun of light (POINT):  Point.010
========= Writing of JSON file started =========
	writing mesh:  RocketBody
	writing mesh:  RocketWindows
	writing mesh:  RocketEngine
	writing mesh:  WiresWingLeft
	writing mesh:  WiresWingRight
	writing mesh:  WiresTopRight
	writing mesh:  WiresTopLeft
	writing mesh:  RocketEngineCore
========= Writing of JSON file completed =========
========= end of processing =========
elapsed time:  0 min, 0.191 secs
